<?xml version="1.0" encoding="UTF-8"?>
<!-- Generated by org.testng.reporters.JUnitReportReporter -->
<testsuite skipped="4" hostname="DESKTOP-B75F35K" name="smokeTest.ValidateSmokeTest" tests="22" failures="0" timestamp="20 Nov 2018 02:59:20 GMT" time="247.146" errors="0">
  <testcase name="ValidateLogin" time="45.462" classname="smokeTest.ValidateSmokeTest"/>
  <testcase name="ValidateMarkITPlacePage" time="3.742" classname="smokeTest.ValidateSmokeTest"/>
  <testcase name="ValidateManageTab" time="9.189" classname="smokeTest.ValidateSmokeTest"/>
  <testcase name="ValidateInsightTab" time="4.414" classname="smokeTest.ValidateSmokeTest"/>
  <testcase name="ValidateNotificationPage" time="18.155" classname="smokeTest.ValidateSmokeTest"/>
  <testcase name="ValidateLogo" time="3.254" classname="smokeTest.ValidateSmokeTest"/>
  <testcase name="ValidateMyProfile" time="18.420" classname="smokeTest.ValidateSmokeTest"/>
  <testcase name="ValidateEditProfile" time="18.547" classname="smokeTest.ValidateSmokeTest"/>
  <testcase name="ValidateChangePassword" time="19.017" classname="smokeTest.ValidateSmokeTest"/>
  <testcase name="ValidateCatalogRestriction" time="11.407" classname="smokeTest.ValidateSmokeTest"/>
  <testcase name="ValidateDomainLink" time="13.777" classname="smokeTest.ValidateSmokeTest"/>
  <testcase name="ValidateAddressPage" time="23.869" classname="smokeTest.ValidateSmokeTest"/>
  <testcase name="ValidateUsersPage" time="22.867" classname="smokeTest.ValidateSmokeTest"/>
  <testcase name="ValidateRequestTab" time="2.251" classname="smokeTest.ValidateSmokeTest"/>
  <testcase name="ValidateInviteTab" time="2.215" classname="smokeTest.ValidateSmokeTest"/>
  <testcase name="ValidateLogout" time="5.088" classname="smokeTest.ValidateSmokeTest"/>
  <testcase name="ValidateForgetPswd" time="9.442" classname="smokeTest.ValidateSmokeTest"/>
  <testcase name="ValidateRegPage" time="16.030" classname="smokeTest.ValidateSmokeTest"/>
  <testcase name="ValidateAccountSettings" classname="smokeTest.ValidateSmokeTest">
    <skipped/>
  </testcase> <!-- ValidateAccountSettings -->
  <testcase name="ValidateSetNotifications" classname="smokeTest.ValidateSmokeTest">
    <skipped/>
  </testcase> <!-- ValidateSetNotifications -->
  <testcase name="ValidateLoginUser" classname="smokeTest.ValidateSmokeTest">
    <skipped/>
  </testcase> <!-- ValidateLoginUser -->
  <testcase name="ValidateMyAccountList" classname="smokeTest.ValidateSmokeTest">
    <skipped/>
  </testcase> <!-- ValidateMyAccountList -->
</testsuite> <!-- smokeTest.ValidateSmokeTest -->
