<?xml version="1.0" encoding="UTF-8"?>
<!-- Generated by org.testng.reporters.JUnitReportReporter -->
<testsuite skipped="6" hostname="DESKTOP-B75F35K" name="smokeTest.ValidateSmokeTest" tests="65" failures="2" timestamp="29 May 2019 08:47:12 GMT" time="760.548" errors="0">
  <testcase name="ValidateLogin" time="51.921" classname="smokeTest.ValidateSmokeTest"/>
  <testcase name="ValidateMarkITPlacePage" time="12.664" classname="smokeTest.ValidateSmokeTest"/>
  <testcase name="ValidateDiscoverPage" time="17.336" classname="smokeTest.ValidateSmokeTest"/>
  <testcase name="ValidateApplicationPage" time="19.662" classname="smokeTest.ValidateSmokeTest"/>
  <testcase name="ValidateInfrastructurePage" time="4.786" classname="smokeTest.ValidateSmokeTest"/>
  <testcase name="ValidateManageTab" time="10.620" classname="smokeTest.ValidateSmokeTest">
    <failure type="java.lang.AssertionError" message="Manage Page is not getting open expected [Service Provisioning - CCP] but found [Manage - CCP]">
      <![CDATA[java.lang.AssertionError: Manage Page is not getting open expected [Service Provisioning - CCP] but found [Manage - CCP]at org.testng.Assert.fail(Assert.java:96)at org.testng.Assert.failNotEquals(Assert.java:776)at org.testng.Assert.assertEqualsImpl(Assert.java:137)at org.testng.Assert.assertEquals(Assert.java:118)at org.testng.Assert.assertEquals(Assert.java:453)at smokeTest.ValidateSmokeTest.ValidateManageTab(ValidateSmokeTest.java:249)at sun.reflect.NativeMethodAccessorImpl.invoke0(Native Method)at sun.reflect.NativeMethodAccessorImpl.invoke(Unknown Source)at sun.reflect.DelegatingMethodAccessorImpl.invoke(Unknown Source)at java.lang.reflect.Method.invoke(Unknown Source)at org.testng.internal.MethodInvocationHelper.invokeMethod(MethodInvocationHelper.java:124)at org.testng.internal.Invoker.invokeMethod(Invoker.java:571)at org.testng.internal.Invoker.invokeTestMethod(Invoker.java:707)at org.testng.internal.Invoker.invokeTestMethods(Invoker.java:979)at org.testng.internal.TestMethodWorker.invokeTestMethods(TestMethodWorker.java:125)at org.testng.internal.TestMethodWorker.run(TestMethodWorker.java:109)at org.testng.TestRunner.privateRun(TestRunner.java:648)at org.testng.TestRunner.run(TestRunner.java:505)at org.testng.SuiteRunner.runTest(SuiteRunner.java:455)at org.testng.SuiteRunner.runSequentially(SuiteRunner.java:450)at org.testng.SuiteRunner.privateRun(SuiteRunner.java:415)at org.testng.SuiteRunner.run(SuiteRunner.java:364)at org.testng.SuiteRunnerWorker.runSuite(SuiteRunnerWorker.java:52)at org.testng.SuiteRunnerWorker.run(SuiteRunnerWorker.java:84)at org.testng.TestNG.runSuitesSequentially(TestNG.java:1187)at org.testng.TestNG.runSuitesLocally(TestNG.java:1116)at org.testng.TestNG.runSuites(TestNG.java:1028)at org.testng.TestNG.run(TestNG.java:996)at org.testng.remote.AbstractRemoteTestNG.run(AbstractRemoteTestNG.java:114)at org.testng.remote.RemoteTestNG.initAndRun(RemoteTestNG.java:251)at org.testng.remote.RemoteTestNG.main(RemoteTestNG.java:77)]]>
    </failure>
  </testcase> <!-- ValidateManageTab -->
  <testcase name="ValidateInsightTab" time="8.203" classname="smokeTest.ValidateSmokeTest">
    <failure type="java.lang.AssertionError" message="Insight Page is not getting open expected [Spend Analysis - CCP] but found [Insights - CCP]">
      <![CDATA[java.lang.AssertionError: Insight Page is not getting open expected [Spend Analysis - CCP] but found [Insights - CCP]at org.testng.Assert.fail(Assert.java:96)at org.testng.Assert.failNotEquals(Assert.java:776)at org.testng.Assert.assertEqualsImpl(Assert.java:137)at org.testng.Assert.assertEquals(Assert.java:118)at org.testng.Assert.assertEquals(Assert.java:453)at smokeTest.ValidateSmokeTest.ValidateInsightTab(ValidateSmokeTest.java:315)at sun.reflect.NativeMethodAccessorImpl.invoke0(Native Method)at sun.reflect.NativeMethodAccessorImpl.invoke(Unknown Source)at sun.reflect.DelegatingMethodAccessorImpl.invoke(Unknown Source)at java.lang.reflect.Method.invoke(Unknown Source)at org.testng.internal.MethodInvocationHelper.invokeMethod(MethodInvocationHelper.java:124)at org.testng.internal.Invoker.invokeMethod(Invoker.java:571)at org.testng.internal.Invoker.invokeTestMethod(Invoker.java:707)at org.testng.internal.Invoker.invokeTestMethods(Invoker.java:979)at org.testng.internal.TestMethodWorker.invokeTestMethods(TestMethodWorker.java:125)at org.testng.internal.TestMethodWorker.run(TestMethodWorker.java:109)at org.testng.TestRunner.privateRun(TestRunner.java:648)at org.testng.TestRunner.run(TestRunner.java:505)at org.testng.SuiteRunner.runTest(SuiteRunner.java:455)at org.testng.SuiteRunner.runSequentially(SuiteRunner.java:450)at org.testng.SuiteRunner.privateRun(SuiteRunner.java:415)at org.testng.SuiteRunner.run(SuiteRunner.java:364)at org.testng.SuiteRunnerWorker.runSuite(SuiteRunnerWorker.java:52)at org.testng.SuiteRunnerWorker.run(SuiteRunnerWorker.java:84)at org.testng.TestNG.runSuitesSequentially(TestNG.java:1187)at org.testng.TestNG.runSuitesLocally(TestNG.java:1116)at org.testng.TestNG.runSuites(TestNG.java:1028)at org.testng.TestNG.run(TestNG.java:996)at org.testng.remote.AbstractRemoteTestNG.run(AbstractRemoteTestNG.java:114)at org.testng.remote.RemoteTestNG.initAndRun(RemoteTestNG.java:251)at org.testng.remote.RemoteTestNG.main(RemoteTestNG.java:77)]]>
    </failure>
  </testcase> <!-- ValidateInsightTab -->
  <testcase name="ValidateFooterNotificationPage" time="19.088" classname="smokeTest.ValidateSmokeTest"/>
  <testcase name="ValidateLogo" time="10.092" classname="smokeTest.ValidateSmokeTest"/>
  <testcase name="ValidateMyProfile" time="19.134" classname="smokeTest.ValidateSmokeTest"/>
  <testcase name="ValidateEditProfile" time="18.112" classname="smokeTest.ValidateSmokeTest"/>
  <testcase name="ValidateChangePassword" time="21.250" classname="smokeTest.ValidateSmokeTest"/>
  <testcase name="ValidateCatalogRestriction" time="20.215" classname="smokeTest.ValidateSmokeTest"/>
  <testcase name="ValidateDomainLink" time="16.155" classname="smokeTest.ValidateSmokeTest"/>
  <testcase name="ValidateAddressPage" time="28.355" classname="smokeTest.ValidateSmokeTest"/>
  <testcase name="ValidateUsersPage" time="26.979" classname="smokeTest.ValidateSmokeTest"/>
  <testcase name="ValidateRequestTab" time="2.284" classname="smokeTest.ValidateSmokeTest"/>
  <testcase name="ValidateInviteTab" time="2.193" classname="smokeTest.ValidateSmokeTest"/>
  <testcase name="ValidateSearching" time="6.377" classname="smokeTest.ValidateSmokeTest"/>
  <testcase name="ValidateLogout" time="5.867" classname="smokeTest.ValidateSmokeTest"/>
  <testcase name="ValidateManagementFPswd" time="12.216" classname="smokeTest.ValidateSmokeTest"/>
  <testcase name="ValidateManagementLogin" time="31.986" classname="smokeTest.ValidateSmokeTest"/>
  <testcase name="ValidateMngmntSETUPTab" time="19.576" classname="smokeTest.ValidateSmokeTest"/>
  <testcase name="ValidateUserHover" time="76.367" classname="smokeTest.ValidateSmokeTest"/>
  <testcase name="ValidateAddNewRole" time="12.910" classname="smokeTest.ValidateSmokeTest"/>
  <testcase name="ValidateEditRole" time="2.742" classname="smokeTest.ValidateSmokeTest"/>
  <testcase name="ValidateCreateUser" time="13.425" classname="smokeTest.ValidateSmokeTest"/>
  <testcase name="ValidateAccountsPage" time="35.345" classname="smokeTest.ValidateSmokeTest"/>
  <testcase name="ValidateSelectFields" time="0.239" classname="smokeTest.ValidateSmokeTest"/>
  <testcase name="ValidateExportBtn" time="0.197" classname="smokeTest.ValidateSmokeTest"/>
  <testcase name="ValidateSubscription" time="4.508" classname="smokeTest.ValidateSmokeTest"/>
  <testcase name="ValidateSubsSelectFields" time="0.190" classname="smokeTest.ValidateSmokeTest"/>
  <testcase name="ValidateSubsExport" time="0.196" classname="smokeTest.ValidateSmokeTest"/>
  <testcase name="ValidateEditSubs" time="0.310" classname="smokeTest.ValidateSmokeTest"/>
  <testcase name="ValidateAssumeRole" time="16.950" classname="smokeTest.ValidateSmokeTest"/>
  <testcase name="ValidateFooterSubscription" time="4.058" classname="smokeTest.ValidateSmokeTest"/>
  <testcase name="ValidateFooterAccount" time="4.293" classname="smokeTest.ValidateSmokeTest"/>
  <testcase name="ValidateEditAccount" time="20.677" classname="smokeTest.ValidateSmokeTest"/>
  <testcase name="ValidateEditSave" time="13.022" classname="smokeTest.ValidateSmokeTest"/>
  <testcase name="ValidateFooterLogo" time="1.721" classname="smokeTest.ValidateSmokeTest"/>
  <testcase name="ValidateCategories" time="11.595" classname="smokeTest.ValidateSmokeTest"/>
  <testcase name="ValidateSyncCategories" time="0.757" classname="smokeTest.ValidateSmokeTest"/>
  <testcase name="ValidateCategoryExport" time="10.393" classname="smokeTest.ValidateSmokeTest"/>
  <testcase name="ValidateSelectFieldCateg" time="0.176" classname="smokeTest.ValidateSmokeTest"/>
  <testcase name="ValidateEditCategory" time="10.487" classname="smokeTest.ValidateSmokeTest"/>
  <testcase name="ValidateDomainsPage" time="20.265" classname="smokeTest.ValidateSmokeTest"/>
  <testcase name="ValidateDomainExport" time="0.232" classname="smokeTest.ValidateSmokeTest"/>
  <testcase name="ValidateRequestPage" time="6.133" classname="smokeTest.ValidateSmokeTest"/>
  <testcase name="ValidateRequestExport" time="0.132" classname="smokeTest.ValidateSmokeTest"/>
  <testcase name="ValidateNotifications" time="17.837" classname="smokeTest.ValidateSmokeTest"/>
  <testcase name="NotificationExport" time="5.277" classname="smokeTest.ValidateSmokeTest"/>
  <testcase name="ValidateSendNotifications" time="20.907" classname="smokeTest.ValidateSmokeTest"/>
  <testcase name="ValidateProviderPage" time="2.202" classname="smokeTest.ValidateSmokeTest"/>
  <testcase name="ValidateProviderExport" time="5.279" classname="smokeTest.ValidateSmokeTest"/>
  <testcase name="ValidateEditProvider" time="26.067" classname="smokeTest.ValidateSmokeTest"/>
  <testcase name="ValidateAddProvider" time="2.476" classname="smokeTest.ValidateSmokeTest"/>
  <testcase name="ValidateServicesPage" time="1.927" classname="smokeTest.ValidateSmokeTest"/>
  <testcase name="ValidateServiceExport" time="5.196" classname="smokeTest.ValidateSmokeTest"/>
  <testcase name="ValidateEditService" time="20.989" classname="smokeTest.ValidateSmokeTest"/>
  <testcase name="ValidateAccountSettings" classname="smokeTest.ValidateSmokeTest">
    <skipped/>
  </testcase> <!-- ValidateAccountSettings -->
  <testcase name="ValidateSetNotifications" classname="smokeTest.ValidateSmokeTest">
    <skipped/>
  </testcase> <!-- ValidateSetNotifications -->
  <testcase name="ValidateLoginUser" classname="smokeTest.ValidateSmokeTest">
    <skipped/>
  </testcase> <!-- ValidateLoginUser -->
  <testcase name="ValidateRegPage" classname="smokeTest.ValidateSmokeTest">
    <skipped/>
  </testcase> <!-- ValidateRegPage -->
  <testcase name="ValidateForgetPswd" classname="smokeTest.ValidateSmokeTest">
    <skipped/>
  </testcase> <!-- ValidateForgetPswd -->
  <testcase name="ValidateMyAccountList" classname="smokeTest.ValidateSmokeTest">
    <skipped/>
  </testcase> <!-- ValidateMyAccountList -->
</testsuite> <!-- smokeTest.ValidateSmokeTest -->
